2022-06-02 02:18:47 - main - INFO - Program started
2022-06-02 02:18:47 - main - INFO -  Приветствую вас!
2022-06-02 02:18:49 - main - INFO -  Работаем!
2022-06-02 02:18:55 - main - INFO - Нажатие кнопки "Старт"
2022-06-02 02:18:55 - main - INFO - Голосовой помошник включен
2022-06-02 02:18:55 - main - INFO - СТЗ включена
2022-06-02 02:18:57 - main - INFO - Видео грузится
2022-06-02 02:18:57 - main - INFO - Размер маркера выбран по умолчанию: 0.05 м
2022-06-02 02:18:57 - main - INFO - Используется словарь с маркерами 5*5 ячеек, содержащий 1000 различных маркеров
2022-06-02 02:18:57 - main - INFO - Создан массив с параметрами определения маркеров
2022-06-02 02:18:57 - main - INFO - Матрица камеры выбрана по умолчанию: [[936.358, 0., 765.965], [0., 965.580, 400.186], [0., 0., 1.]]
2022-06-02 02:18:57 - main - INFO - Матрица дисторсии камеры выбрана по умолчанию: [0.141793, -0.152794, -0.023574, 0.026615]
2022-06-02 02:19:04 - main - INFO - Индекс камеры по умолчанию: 0
2022-06-02 02:19:10 - main - INFO - Частота кадров: 24
2022-06-02 02:19:17 - main - INFO - Ширина кадров: 1280
2022-06-02 02:19:26 - main - INFO - Высота кадров: 720
2022-06-02 02:19:28 - main - INFO - Видео пошло
2022-06-02 02:23:10 - main - INFO - Program started
2022-06-02 02:23:11 - main - INFO -  Приветствую вас!
2022-06-02 02:23:13 - main - INFO -  Работаем!
2022-06-02 02:25:09 - main - INFO - Program started
2022-06-02 02:25:09 - main - INFO -  Приветствую вас!
2022-06-02 02:25:12 - main - INFO -  Работаем!
2022-06-02 02:25:17 - main - INFO - Нажатие кнопки "Старт"
2022-06-02 02:25:17 - main - INFO - Голосовой помошник включен
2022-06-02 02:25:17 - main - INFO - СТЗ включена
2022-06-02 02:25:19 - main - INFO - Видео грузится
2022-06-02 02:25:19 - main - INFO - Размер маркера выбран по умолчанию: 0.05 м
2022-06-02 02:25:19 - main - INFO - Используется словарь с маркерами 5*5 ячеек, содержащий 1000 различных маркеров
2022-06-02 02:25:19 - main - INFO - Создан массив с параметрами определения маркеров
2022-06-02 02:25:19 - main - INFO - Матрица камеры выбрана по умолчанию: [[936.358, 0., 765.965], [0., 965.580, 400.186], [0., 0., 1.]]
2022-06-02 02:25:19 - main - INFO - Матрица дисторсии камеры выбрана по умолчанию: [0.141793, -0.152794, -0.023574, 0.026615]
2022-06-02 02:25:28 - main - INFO - Индекс камеры по умолчанию: 0
2022-06-02 02:25:35 - main - INFO - Частота кадров: 24
2022-06-02 02:25:42 - main - INFO - Ширина кадров: 1280
2022-06-02 02:25:49 - main - INFO - Высота кадров: 720
2022-06-02 02:25:51 - main - INFO - Видео пошло
2022-06-02 02:29:25 - main - INFO - Program started
2022-06-02 02:29:26 - main - INFO -  Приветствую вас!
2022-06-02 02:29:28 - main - INFO -  Работаем!
2022-06-02 02:29:34 - main - INFO - Нажатие кнопки "Старт"
2022-06-02 02:29:34 - main - INFO - Голосовой помошник включен
2022-06-02 02:29:34 - main - INFO - Эксперимент: Наименование эксперимента
2022-06-02 02:29:34 - main - INFO - Скорость речи: 180
2022-06-02 02:29:34 - main - INFO - СТЗ включена
2022-06-02 02:29:36 - main - INFO - Громость речи: 0.9
2022-06-02 02:29:36 - main - INFO - Видео грузится
2022-06-02 02:29:36 - main - INFO - Размер маркера выбран по умолчанию: 0.05 м
2022-06-02 02:29:36 - main - INFO - Используется словарь с маркерами 5*5 ячеек, содержащий 1000 различных маркеров
2022-06-02 02:29:36 - main - INFO - Создан массив с параметрами определения маркеров
2022-06-02 02:29:36 - main - INFO - Матрица камеры выбрана по умолчанию: [[936.358, 0., 765.965], [0., 965.580, 400.186], [0., 0., 1.]]
2022-06-02 02:30:08 - main - INFO - Program started
2022-06-02 02:30:08 - main - INFO -  Приветствую вас!
2022-06-02 02:30:10 - main - INFO -  Работаем!
2022-06-02 02:30:16 - main - INFO - Нажатие кнопки "Старт"
2022-06-02 02:30:16 - main - INFO - Голосовой помошник включен
2022-06-02 02:30:16 - main - INFO - СТЗ включена
2022-06-02 02:30:18 - main - INFO - Видео грузится
2022-06-02 02:30:18 - main - INFO - Размер маркера выбран по умолчанию: 0.05 м
2022-06-02 02:30:18 - main - INFO - Используется словарь с маркерами 5*5 ячеек, содержащий 1000 различных маркеров
2022-06-02 02:30:18 - main - INFO - Создан массив с параметрами определения маркеров
2022-06-02 02:30:18 - main - INFO - Матрица камеры выбрана по умолчанию: [[936.358, 0., 765.965], [0., 965.580, 400.186], [0., 0., 1.]]
2022-06-02 02:30:18 - main - INFO - Матрица дисторсии камеры выбрана по умолчанию: [0.141793, -0.152794, -0.023574, 0.026615]
2022-06-02 02:30:26 - main - INFO - Индекс камеры по умолчанию: 0
2022-06-02 02:30:33 - main - INFO - Частота кадров: 24
2022-06-02 02:30:40 - main - INFO - Ширина кадров: 1280
2022-06-02 02:30:49 - main - INFO - Высота кадров: 720
2022-06-02 02:30:51 - main - INFO - Видео пошло
2022-06-02 02:31:55 - main - INFO - Program started
2022-06-02 02:31:55 - main - INFO -  Приветствую вас!
2022-06-02 02:31:57 - main - INFO -  Работаем!
2022-06-02 02:32:03 - main - INFO - Нажатие кнопки "Старт"
2022-06-02 02:32:03 - main - INFO - Голосовой помошник включен
2022-06-02 02:32:03 - main - INFO - СТЗ включена
2022-06-02 02:32:05 - main - INFO - Видео грузится
2022-06-02 02:32:05 - main - INFO - Размер маркера выбран по умолчанию: 0.05 м
2022-06-02 02:32:05 - main - INFO - Используется словарь с маркерами 5*5 ячеек, содержащий 1000 различных маркеров
2022-06-02 02:32:05 - main - INFO - Создан массив с параметрами определения маркеров
2022-06-02 02:32:05 - main - INFO - Матрица камеры выбрана по умолчанию: [[936.358, 0., 765.965], [0., 965.580, 400.186], [0., 0., 1.]]
2022-06-02 02:32:05 - main - INFO - Матрица дисторсии камеры выбрана по умолчанию: [0.141793, -0.152794, -0.023574, 0.026615]
2022-06-02 02:32:12 - main - INFO - Индекс камеры по умолчанию: 0
2022-06-02 02:32:18 - main - INFO - Частота кадров: 24
2022-06-02 02:32:24 - main - INFO - Ширина кадров: 1280
2022-06-02 02:32:29 - main - INFO - Высота кадров: 720
2022-06-02 02:32:31 - main - INFO - Видео пошло
